;OV Intertank Orifice Flow Mdot (lbm/s)
#I=0,130,1; OV_Intertank_Ascent_to_Separation_Venting_Analysis_c1d3a_oin.vsm C:\0_afc_work\OV_Intertank_Ascent_to_Separation_Venting_Analysis_using_VISSIM\VISSIM\OV_Intertank_Ascent_to_Separation_Venting_Analysis_c1d3a_oin.vsm @ Mon Oct 29 12:14:06 2018
0	0	0	0	0	0	0	0	0	0	0	0
1	-0.13521	0	0	0	0	0	0	0	0	0	0
2	-0.13521	0	0	0	0	0	0	0	0	0	0
3	-0.13521	0	0	0	0	0	0	0	0	0	0
4	-0.13521	0	0	0	0	0	0	0	0	0	0
5	-0.13521	0	0	0	0	0	0	0	0	0	0
6	-0.13521	0	0	0	0	0	0	0	0	0	0
7	-0.13521	0	0	0	0	0	0	0	0	0	0
8	-0.13521	0	0	0	0	0	0	0	0	0	0
9	-0.13521	0	0	0	0	0	0	0	0	0	0
10	-0.13521	0	0	0	0	0	0	0	0	0	0
11	-0.13521	0	0	0	0	0	0	0	0	0	0
12	-0.13521	0	0	0	0	0	0	0	0	0	0
13	-0.13521	0	0	0	0	0	0	0	0	0	0
14	-0.13521	0	0	0	0	0	0	0	0	0	0
15	-0.13521	0	0	0	0	0	0	0	0	0	0
16	-0.13521	0	0	0	0	0	0	0	0	0	0
17	-0.13521	0	0	0	0	0	0	0	0	0	0
18	-0.13521	0	0	0	0	0	0	0	0	0	0
19	-0.13521	0	0	0	0	0	0	0	0	0	0
20	-0.13521	0	0	0	0	0	0	0	0	0	0
21	-0.35884	0	0	0	0	0	0	0	0	0	0
22	-0.35884	0	0	0	0	0	0	0	0	0	0
23	-0.35884	0	0	0	0	0	0	0	0	0	0
24	-0.35884	0	0	0	0	0	0	0	0	0	0
25	-0.35884	0	0	0	0	0	0	0	0	0	0
26	-0.35884	0	0	0	0	0	0	0	0	0	0
27	-0.35884	0	0	0	0	0	0	0	0	0	0
28	-0.35884	0	0	0	0	0	0	0	0	0	0
29	-0.35884	0	0	0	0	0	0	0	0	0	0
30	-0.35884	0	0	0	0	0	0	0	0	0	0
31	-0.35884	0	0	0	0	0	0	0	0	0	0
32	-0.35884	0	0	0	0	0	0	0	0	0	0
33	-0.35884	0	0	0	0	0	0	0	0	0	0
34	-0.35884	0	0	0	0	0	0	0	0	0	0
35	-0.35884	0	0	0	0	0	0	0	0	0	0
36	-0.35884	0	0	0	0	0	0	0	0	0	0
37	-0.35884	0	0	0	0	0	0	0	0	0	0
38	-0.35884	0	0	0	0	0	0	0	0	0	0
39	-0.35884	0	0	0	0	0	0	0	0	0	0
40	-0.35884	0	0	0	0	0	0	0	0	0	0
41	-0.35884	0	0	0	0	0	0	0	0	0	0
42	-0.35884	0	0	0	0	0	0	0	0	0	0
43	-0.35884	0	0	0	0	0	0	0	0	0	0
44	-0.35884	0	0	0	0	0	0	0	0	0	0
45	-0.35883	0	0	0	0	0	0	0	0	0	0
46	-0.35883	0	0	0	0	0	0	0	0	0	0
47	-0.35883	0	0	0	0	0	0	0	0	0	0
48	-0.35883	0	0	0	0	0	0	0	0	0	0
49	-0.35883	0	0	0	0	0	0	0	0	0	0
50	-0.35883	0	0	0	0	0	0	0	0	0	0
51	-0.35883	0	0	0	0	0	0	0	0	0	0
52	-0.35883	0	0	0	0	0	0	0	0	0	0
53	-0.35883	0	0	0	0	0	0	0	0	0	0
54	-0.56522	0	0	0	0	0	0	0	0	0	0
55	-0.56521	0	0	0	0	0	0	0	0	0	0
56	-0.5652	0	0	0	0	0	0	0	0	0	0
57	-0.36724	0	0	0	0	0	0	0	0	0	0
58	-0.36724	0	0	0	0	0	0	0	0	0	0
59	-0.36724	0	0	0	0	0	0	0	0	0	0
60	-0.36723	0	0	0	0	0	0	0	0	0	0
61	-0.36723	0	0	0	0	0	0	0	0	0	0
62	-0.36723	0	0	0	0	0	0	0	0	0	0
63	-0.36722	0	0	0	0	0	0	0	0	0	0
64	-0.36722	0	0	0	0	0	0	0	0	0	0
65	-0.36721	0	0	0	0	0	0	0	0	0	0
66	-0.36721	0	0	0	0	0	0	0	0	0	0
67	-0.3672	0	0	0	0	0	0	0	0	0	0
68	-0.3672	0	0	0	0	0	0	0	0	0	0
69	-0.36719	0	0	0	0	0	0	0	0	0	0
70	-0.36718	0	0	0	0	0	0	0	0	0	0
71	-0.36717	0	0	0	0	0	0	0	0	0	0
72	-0.36716	0	0	0	0	0	0	0	0	0	0
73	-0.36714	0	0	0	0	0	0	0	0	0	0
74	-0.36713	0	0	0	0	0	0	0	0	0	0
75	-0.36711	0	0	0	0	0	0	0	0	0	0
76	-0.23079	0	0	0	0	0	0	0	0	0	0
77	-0.23078	0	0	0	0	0	0	0	0	0	0
78	-0.23078	0	0	0	0	0	0	0	0	0	0
79	-0.23077	0	0	0	0	0	0	0	0	0	0
80	-0.23077	0	0	0	0	0	0	0	0	0	0
81	-0.23076	0	0	0	0	0	0	0	0	0	0
82	-0.23075	0	0	0	0	0	0	0	0	0	0
83	-0.23074	0	0	0	0	0	0	0	0	0	0
84	-0.23073	0	0	0	0	0	0	0	0	0	0
85	-0.23071	0	0	0	0	0	0	0	0	0	0
86	-0.2307	0	0	0	0	0	0	0	0	0	0
87	-0.23067	0	0	0	0	0	0	0	0	0	0
88	-0.10335	0	0	0	0	0	0	0	0	0	0
89	-0.10335	0	0	0	0	0	0	0	0	0	0
90	-0.10335	0	0	0	0	0	0	0	0	0	0
91	-0.10335	0	0	0	0	0	0	0	0	0	0
92	-0.10334	0	0	0	0	0	0	0	0	0	0
93	-0.10334	0	0	0	0	0	0	0	0	0	0
94	-0.10334	0	0	0	0	0	0	0	0	0	0
95	-0.10334	0	0	0	0	0	0	0	0	0	0
96	-0.10333	0	0	0	0	0	0	0	0	0	0
97	-0.10333	0	0	0	0	0	0	0	0	0	0
98	-0.10333	0	0	0	0	0	0	0	0	0	0
99	-0.10332	0	0	0	0	0	0	0	0	0	0
100	-0.10332	0	0	0	0	0	0	0	0	0	0
101	-0.10331	0	0	0	0	0	0	0	0	0	0
102	-0.1033	0	0	0	0	0	0	0	0	0	0
103	-0.10329	0	0	0	0	0	0	0	0	0	0
104	-0.10328	0	0	0	0	0	0	0	0	0	0
105	-0.10326	0	0	0	0	0	0	0	0	0	0
106	-0.10324	0	0	0	0	0	0	0	0	0	0
107	-0.1032	0	0	0	0	0	0	0	0	0	0
108	-0.10316	0	0	0	0	0	0	0	0	0	0
109	-0.10309	0	0	0	0	0	0	0	0	0	0
110	-0.10298	0	0	0	0	0	0	0	0	0	0
111	-0.023004	0	0	0	0	0	0	0	0	0	0
112	-0.023003	0	0	0	0	0	0	0	0	0	0
113	-0.023003	0	0	0	0	0	0	0	0	0	0
114	-0.023002	0	0	0	0	0	0	0	0	0	0
115	-0.023002	0	0	0	0	0	0	0	0	0	0
116	-0.023001	0	0	0	0	0	0	0	0	0	0
117	-0.023	0	0	0	0	0	0	0	0	0	0
118	-0.022999	0	0	0	0	0	0	0	0	0	0
119	-0.022998	0	0	0	0	0	0	0	0	0	0
120	-0.022996	0	0	0	0	0	0	0	0	0	0
121	-0.022994	0	0	0	0	0	0	0	0	0	0
122	-0.022992	0	0	0	0	0	0	0	0	0	0
123	-0.022989	0	0	0	0	0	0	0	0	0	0
124	-0.022985	0	0	0	0	0	0	0	0	0	0
125	-0.02298	0	0	0	0	0	0	0	0	0	0
126	-0.022973	0	0	0	0	0	0	0	0	0	0
127	-0.022963	0	0	0	0	0	0	0	0	0	0
128	-0.022949	0	0	0	0	0	0	0	0	0	0
129	-0.022926	0	0	0	0	0	0	0	0	0	0
130	-0.022887	0	0	0	0	0	0	0	0	0	0
