;OV Intertank Plenum: Mass(lbm),Temperature(R),Pressure(psia)
#I=0,130,1; OV_Intertank_Ascent_to_Separation_Venting_Analysis_c1d3a_oin.vsm C:\0_afc_work\OV_Intertank_Ascent_to_Separation_Venting_Analysis_using_VISSIM\VISSIM\OV_Intertank_Ascent_to_Separation_Venting_Analysis_c1d3a_oin.vsm @ Mon Oct 29 12:14:06 2018
0	28.933	515	11.62	5400	0.42916	0.42916	0
1	28.798	515	11.566	5512.8	0.43254	0.43254	0
2	28.662	515	11.511	5625.6	0.43612	0.43612	0
3	28.527	515	11.457	5738.4	0.43988	0.43988	0
4	28.392	515	11.403	5851.2	0.44381	0.44381	0
5	28.257	515	11.349	5964	0.44792	0.44792	0
6	28.121	515	11.294	6076.8	0.4522	0.4522	0
7	27.986	515	11.24	6189.6	0.45665	0.45665	0
8	27.851	515	11.186	6302.4	0.46127	0.46127	0
9	27.716	515	11.131	6415.2	0.46607	0.46607	0
10	27.581	515	11.077	6528	0.47104	0.47104	0
11	27.445	515	11.023	6640.8	0.47617	0.47617	0
12	27.31	515	10.968	6753.6	0.48148	0.48148	0
13	27.175	515	10.914	6866.4	0.48696	0.48696	0
14	27.04	515	10.86	6979.2	0.4926	0.4926	0
15	26.905	515	10.805	7092	0.49842	0.49842	0
16	26.769	515	10.751	7204.8	0.5044	0.5044	0
17	26.634	515	10.697	7317.6	0.51055	0.51055	0
18	26.499	515	10.643	7430.4	0.51687	0.51687	0
19	26.364	515	10.588	7543.2	0.52335	0.52335	0
20	26.228	515	10.534	7656	0.53001	0.53001	0
21	25.87	515	10.39	8101.8	0.48723	0.53	0
22	25.511	515	10.246	8547.6	0.44722	0.53	0
23	25.152	515	10.102	8993.4	0.40974	0.53	0
24	24.794	515	9.9576	9439.2	0.37477	0.53	0
25	24.435	515	9.8135	9884.9	0.3423	0.53	0
26	24.076	515	9.6694	10331	0.31228	0.53	0
27	23.717	515	9.5253	10777	0.28469	0.53	0
28	23.358	515	9.3812	11222	0.25951	0.53	0
29	22.999	515	9.237	11668	0.23671	0.53	0
30	22.641	515	9.0929	12114	0.21627	0.53	0
31	22.282	515	8.9488	12560	0.19815	0.53	0
32	21.923	515	8.8047	13005	0.18234	0.53	0
33	21.564	515	8.6606	13451	0.16881	0.53	0
34	21.205	515	8.5165	13897	0.15753	0.53	0
35	20.846	515	8.3723	14343	0.14848	0.53	0
36	20.487	515	8.2282	14789	0.14163	0.53	0
37	20.129	515	8.0841	15234	0.13696	0.53	0
38	19.77	515	7.94	15680	0.13445	0.53	0
39	19.411	515	7.7959	16126	0.13407	0.53	0
40	19.052	515	7.6517	16572	0.13579	0.53	0
41	18.693	515	7.5076	17018	0.1396	0.53	0
42	18.334	515	7.3635	17463	0.14547	0.53	0
43	17.976	515	7.2194	17909	0.15337	0.53	0
44	17.617	515	7.0753	18355	0.16329	0.53	0
45	17.258	515	6.9312	18801	0.1752	0.53	0
46	16.899	515	6.787	19246	0.18907	0.53	0
47	16.54	515	6.6429	19692	0.20489	0.53	0
48	16.181	515	6.4988	20138	0.22263	0.53	0
49	15.823	515	6.3547	20584	0.24227	0.53	0
50	15.464	515	6.2106	21030	0.26379	0.53	0
51	15.105	515	6.0665	21475	0.28717	0.53	0
52	14.746	515	5.9224	21921	0.31238	0.53	0
53	14.387	515	5.7783	22367	0.3394	0.53	0
54	13.824	515	5.5518	23108	0.37513	0.53	0
55	13.258	515	5.3248	23849	0.41631	0.53	0
56	12.693	515	5.0978	24590	0.46225	0.53	0
57	12.324	515	4.9497	25454	0.40509	0.53	0
58	11.957	515	4.8022	26319	0.35349	0.53	0
59	11.59	515	4.6547	27183	0.30793	0.53	0
60	11.223	515	4.5072	28047	0.26828	0.53	0
61	10.855	515	4.3597	28911	0.2344	0.53	0
62	10.488	515	4.2122	29776	0.20615	0.53	0
63	10.121	515	4.0648	30640	0.1834	0.53	0
64	9.7536	515	3.9173	31504	0.16601	0.53	0
65	9.3864	515	3.7698	32368	0.15385	0.53	0
66	9.0192	515	3.6223	33233	0.1468	0.53	0
67	8.652	515	3.4748	34097	0.14472	0.53	0
68	8.2848	515	3.3274	35121	0.12129	0.53	0
69	7.9176	515	3.1799	36145	0.10447	0.53	0
70	7.5504	515	3.0324	37169	0.094753	0.53	0
71	7.1833	515	2.885	38193	0.092581	0.53	0
72	6.8161	515	2.7375	39216	0.097578	0.53	0
73	6.4489	515	2.59	40240	0.1094	0.53	0
74	6.0818	515	2.4426	41264	0.12772	0.53	0
75	5.7147	515	2.2951	42288	0.15221	0.53	0
76	5.4823	515	2.2018	43483	0.10953	0.53	0
77	5.2515	515	2.1091	44677	0.07378	0.53	0
78	5.0207	515	2.0164	45872	0.045176	0.53	0
79	4.79	515	1.9238	47066	0.023322	0.53	0
80	4.5592	515	1.8311	48261	0.0078411	0.53	0
81	4.3284	515	1.7384	49456	-0.0016223	0.53	-0.0016223
82	4.0977	515	1.6457	50650	-0.0054046	0.53	-0.0054046
83	3.8669	515	1.553	51845	-0.0038233	0.53	-0.0055076
84	3.6362	515	1.4604	53039	0.0028218	0.53	-0.0055076
85	3.4055	515	1.3677	54234	0.014247	0.53	-0.0055076
86	3.1748	515	1.2751	55428	0.030185	0.53	-0.0055076
87	2.9441	515	1.1824	56623	0.050382	0.53	-0.0055076
88	2.8391	515	1.1402	58180	0.0041491	0.53	-0.0055076
89	2.7357	515	1.0987	59736	-0.036386	0.53	-0.036386
90	2.6324	515	1.0572	61293	-0.071029	0.53	-0.071029
91	2.5291	515	1.0157	62849	-0.1002	0.53	-0.1002
92	2.4257	515	0.97422	64406	-0.1243	0.53	-0.1243
93	2.3224	515	0.93271	65962	-0.14371	0.53	-0.14371
94	2.219	515	0.89121	67519	-0.15866	0.53	-0.15866
95	2.1157	515	0.8497	69075	-0.16945	0.53	-0.16945
96	2.0123	515	0.8082	70632	-0.17641	0.53	-0.17641
97	1.909	515	0.7667	72188	-0.17981	0.53	-0.17981
98	1.8057	515	0.7252	73745	-0.17993	0.53	-0.18027
99	1.7024	515	0.6837	75301	-0.17702	0.53	-0.18027
100	1.599	515	0.64221	76858	-0.17129	0.53	-0.18027
101	1.4957	515	0.60072	78414	-0.16298	0.53	-0.18027
102	1.3924	515	0.55923	79971	-0.15226	0.53	-0.18027
103	1.2891	515	0.51774	81527	-0.13931	0.53	-0.18027
104	1.1858	515	0.47626	83084	-0.12432	0.53	-0.18027
105	1.0826	515	0.43478	84640	-0.10742	0.53	-0.18027
106	0.97932	515	0.39332	86197	-0.088762	0.53	-0.18027
107	0.8761	515	0.35186	87753	-0.068481	0.53	-0.18027
108	0.77292	515	0.31042	89310	-0.0467	0.53	-0.18027
109	0.66979	515	0.269	90866	-0.023538	0.53	-0.18027
110	0.56674	515	0.22762	92423	0.00089068	0.53	-0.18027
111	0.54174	515	0.21757	94533	-0.01014	0.53	-0.18027
112	0.51873	515	0.20834	96642	-0.019978	0.53	-0.18027
113	0.49573	515	0.1991	98752	-0.028011	0.53	-0.18027
114	0.47273	515	0.18986	1.0086e+005	-0.034416	0.53	-0.18027
115	0.44973	515	0.18062	1.0297e+005	-0.03935	0.53	-0.18027
116	0.42673	515	0.17138	1.0508e+005	-0.042955	0.53	-0.18027
117	0.40373	515	0.16215	1.0719e+005	-0.045342	0.53	-0.18027
118	0.38073	515	0.15291	1.093e+005	-0.046599	0.53	-0.18027
119	0.35773	515	0.14367	1.1141e+005	-0.046842	0.53	-0.18027
120	0.33473	515	0.13444	1.1352e+005	-0.046176	0.53	-0.18027
121	0.31174	515	0.1252	1.1563e+005	-0.044695	0.53	-0.18027
122	0.28874	515	0.11597	1.1774e+005	-0.042481	0.53	-0.18027
123	0.26575	515	0.10673	1.1985e+005	-0.03961	0.53	-0.18027
124	0.24277	515	0.0975	1.2196e+005	-0.036147	0.53	-0.18027
125	0.21978	515	0.088269	1.2407e+005	-0.032152	0.53	-0.18027
126	0.19681	515	0.079041	1.2618e+005	-0.027678	0.53	-0.18027
127	0.17384	515	0.069817	1.2829e+005	-0.022774	0.53	-0.18027
128	0.15088	515	0.060597	1.304e+005	-0.017484	0.53	-0.18027
129	0.12794	515	0.051384	1.3251e+005	-0.011847	0.53	-0.18027
130	0.10503	515	0.042184	1.3462e+005	-0.0059038	0.53	-0.18027
